INFO [2019-07-12 00:01:53] [[1]]
INFO [2019-07-12 00:01:53] VennList
INFO [2019-07-12 00:01:53] 
INFO [2019-07-12 00:01:53] $filename
INFO [2019-07-12 00:01:53] paste(Directry, "/", Directry, ".png", sep = "")
INFO [2019-07-12 00:01:53] 
INFO [2019-07-12 00:01:53] $height
INFO [2019-07-12 00:01:53] [1] 3000
INFO [2019-07-12 00:01:53] 
INFO [2019-07-12 00:01:53] $width
INFO [2019-07-12 00:01:53] [1] 3000
INFO [2019-07-12 00:01:53] 
INFO [2019-07-12 00:01:53] $cat.pos
INFO [2019-07-12 00:01:53] c(0, 0)
INFO [2019-07-12 00:01:53] 
INFO [2019-07-12 00:01:53] $scaled
INFO [2019-07-12 00:01:53] F
INFO [2019-07-12 00:01:53] 
INFO [2019-07-12 00:01:53] $cex
INFO [2019-07-12 00:01:53] [1] 2.5
INFO [2019-07-12 00:01:53] 
INFO [2019-07-12 00:01:53] $cat.cex
INFO [2019-07-12 00:01:53] [1] 1.3
INFO [2019-07-12 00:01:53] 
