INFO [2019-07-12 00:04:52] [[1]]
INFO [2019-07-12 00:04:52] VennList
INFO [2019-07-12 00:04:52] 
INFO [2019-07-12 00:04:52] $filename
INFO [2019-07-12 00:04:52] paste(Directry, "/", Directry, ".png", sep = "")
INFO [2019-07-12 00:04:52] 
INFO [2019-07-12 00:04:52] $height
INFO [2019-07-12 00:04:52] [1] 3000
INFO [2019-07-12 00:04:52] 
INFO [2019-07-12 00:04:52] $width
INFO [2019-07-12 00:04:52] [1] 3000
INFO [2019-07-12 00:04:52] 
INFO [2019-07-12 00:04:52] $cat.pos
INFO [2019-07-12 00:04:52] c(0, 0)
INFO [2019-07-12 00:04:52] 
INFO [2019-07-12 00:04:52] $scaled
INFO [2019-07-12 00:04:52] F
INFO [2019-07-12 00:04:52] 
INFO [2019-07-12 00:04:52] $cex
INFO [2019-07-12 00:04:52] [1] 2.5
INFO [2019-07-12 00:04:52] 
INFO [2019-07-12 00:04:52] $cat.cex
INFO [2019-07-12 00:04:52] [1] 1.3
INFO [2019-07-12 00:04:52] 
