INFO [2019-07-12 01:15:50] [[1]]
INFO [2019-07-12 01:15:50] VennList
INFO [2019-07-12 01:15:50] 
INFO [2019-07-12 01:15:50] $filename
INFO [2019-07-12 01:15:50] paste(Directry, "/", Directry, ".png", sep = "")
INFO [2019-07-12 01:15:50] 
INFO [2019-07-12 01:15:50] $height
INFO [2019-07-12 01:15:50] [1] 3000
INFO [2019-07-12 01:15:50] 
INFO [2019-07-12 01:15:50] $width
INFO [2019-07-12 01:15:50] [1] 3000
INFO [2019-07-12 01:15:50] 
INFO [2019-07-12 01:15:50] $cat.pos
INFO [2019-07-12 01:15:50] c(0, 0)
INFO [2019-07-12 01:15:50] 
INFO [2019-07-12 01:15:50] $scaled
INFO [2019-07-12 01:15:50] F
INFO [2019-07-12 01:15:50] 
INFO [2019-07-12 01:15:50] $cex
INFO [2019-07-12 01:15:50] [1] 2.5
INFO [2019-07-12 01:15:50] 
INFO [2019-07-12 01:15:50] $cat.cex
INFO [2019-07-12 01:15:50] [1] 0.9
INFO [2019-07-12 01:15:50] 
