INFO [2019-07-12 00:26:49] [[1]]
INFO [2019-07-12 00:26:49] VennList
INFO [2019-07-12 00:26:49] 
INFO [2019-07-12 00:26:49] $filename
INFO [2019-07-12 00:26:49] paste(Directry, "/", Directry, ".png", sep = "")
INFO [2019-07-12 00:26:49] 
INFO [2019-07-12 00:26:49] $height
INFO [2019-07-12 00:26:49] [1] 3000
INFO [2019-07-12 00:26:49] 
INFO [2019-07-12 00:26:49] $width
INFO [2019-07-12 00:26:49] [1] 3000
INFO [2019-07-12 00:26:49] 
INFO [2019-07-12 00:26:49] $cat.pos
INFO [2019-07-12 00:26:49] c(0, 0)
INFO [2019-07-12 00:26:49] 
INFO [2019-07-12 00:26:49] $scaled
INFO [2019-07-12 00:26:49] F
INFO [2019-07-12 00:26:49] 
INFO [2019-07-12 00:26:49] $cex
INFO [2019-07-12 00:26:49] [1] 2.5
INFO [2019-07-12 00:26:49] 
INFO [2019-07-12 00:26:49] $cat.cex
INFO [2019-07-12 00:26:49] [1] 0.9
INFO [2019-07-12 00:26:49] 
