INFO [2019-07-11 22:53:35] [[1]]
INFO [2019-07-11 22:53:35] VennList
INFO [2019-07-11 22:53:35] 
INFO [2019-07-11 22:53:35] $filename
INFO [2019-07-11 22:53:35] paste(Directry, "/", Directry, ".png", sep = "")
INFO [2019-07-11 22:53:35] 
INFO [2019-07-11 22:53:35] $height
INFO [2019-07-11 22:53:35] [1] 3000
INFO [2019-07-11 22:53:35] 
INFO [2019-07-11 22:53:35] $width
INFO [2019-07-11 22:53:35] [1] 3000
INFO [2019-07-11 22:53:35] 
INFO [2019-07-11 22:53:35] $cat.pos
INFO [2019-07-11 22:53:35] c(0, 0)
INFO [2019-07-11 22:53:35] 
INFO [2019-07-11 22:53:35] $cex
INFO [2019-07-11 22:53:35] [1] 2.5
INFO [2019-07-11 22:53:35] 
INFO [2019-07-11 22:53:35] $cat.cex
INFO [2019-07-11 22:53:35] [1] 1.3
INFO [2019-07-11 22:53:35] 
