INFO [2019-07-12 01:16:53] [[1]]
INFO [2019-07-12 01:16:53] VennList
INFO [2019-07-12 01:16:53] 
INFO [2019-07-12 01:16:53] $filename
INFO [2019-07-12 01:16:53] paste(Directry, "/", Directry, ".png", sep = "")
INFO [2019-07-12 01:16:53] 
INFO [2019-07-12 01:16:53] $height
INFO [2019-07-12 01:16:53] [1] 3000
INFO [2019-07-12 01:16:53] 
INFO [2019-07-12 01:16:53] $width
INFO [2019-07-12 01:16:53] [1] 3000
INFO [2019-07-12 01:16:53] 
INFO [2019-07-12 01:16:53] $cat.pos
INFO [2019-07-12 01:16:53] c(0, 0)
INFO [2019-07-12 01:16:53] 
INFO [2019-07-12 01:16:53] $scaled
INFO [2019-07-12 01:16:53] F
INFO [2019-07-12 01:16:53] 
INFO [2019-07-12 01:16:53] $cex
INFO [2019-07-12 01:16:53] [1] 2.5
INFO [2019-07-12 01:16:53] 
INFO [2019-07-12 01:16:53] $cat.cex
INFO [2019-07-12 01:16:53] [1] 0.9
INFO [2019-07-12 01:16:53] 
