INFO [2019-07-11 22:54:01] [[1]]
INFO [2019-07-11 22:54:01] VennList
INFO [2019-07-11 22:54:01] 
INFO [2019-07-11 22:54:01] $filename
INFO [2019-07-11 22:54:01] paste(Directry, "/", Directry, ".png", sep = "")
INFO [2019-07-11 22:54:01] 
INFO [2019-07-11 22:54:01] $height
INFO [2019-07-11 22:54:01] [1] 3000
INFO [2019-07-11 22:54:01] 
INFO [2019-07-11 22:54:01] $width
INFO [2019-07-11 22:54:01] [1] 3000
INFO [2019-07-11 22:54:01] 
INFO [2019-07-11 22:54:01] $cat.pos
INFO [2019-07-11 22:54:01] c(0, 0)
INFO [2019-07-11 22:54:01] 
INFO [2019-07-11 22:54:01] $cex
INFO [2019-07-11 22:54:01] [1] 2.5
INFO [2019-07-11 22:54:01] 
INFO [2019-07-11 22:54:01] $cat.cex
INFO [2019-07-11 22:54:01] [1] 1.3
INFO [2019-07-11 22:54:01] 
