INFO [2019-07-12 00:32:01] [[1]]
INFO [2019-07-12 00:32:01] VennList
INFO [2019-07-12 00:32:01] 
INFO [2019-07-12 00:32:01] $filename
INFO [2019-07-12 00:32:01] paste(Directry, "/", Directry, ".png", sep = "")
INFO [2019-07-12 00:32:01] 
INFO [2019-07-12 00:32:01] $height
INFO [2019-07-12 00:32:01] [1] 3000
INFO [2019-07-12 00:32:01] 
INFO [2019-07-12 00:32:01] $width
INFO [2019-07-12 00:32:01] [1] 3000
INFO [2019-07-12 00:32:01] 
INFO [2019-07-12 00:32:01] $cat.pos
INFO [2019-07-12 00:32:01] c(0, 0)
INFO [2019-07-12 00:32:01] 
INFO [2019-07-12 00:32:01] $scaled
INFO [2019-07-12 00:32:01] F
INFO [2019-07-12 00:32:01] 
INFO [2019-07-12 00:32:01] $cex
INFO [2019-07-12 00:32:01] [1] 2.5
INFO [2019-07-12 00:32:01] 
INFO [2019-07-12 00:32:01] $cat.cex
INFO [2019-07-12 00:32:01] [1] 0.9
INFO [2019-07-12 00:32:01] 
