INFO [2019-07-12 00:04:28] [[1]]
INFO [2019-07-12 00:04:28] VennList
INFO [2019-07-12 00:04:28] 
INFO [2019-07-12 00:04:28] $filename
INFO [2019-07-12 00:04:28] paste(Directry, "/", Directry, ".png", sep = "")
INFO [2019-07-12 00:04:28] 
INFO [2019-07-12 00:04:28] $height
INFO [2019-07-12 00:04:28] [1] 3000
INFO [2019-07-12 00:04:28] 
INFO [2019-07-12 00:04:28] $width
INFO [2019-07-12 00:04:28] [1] 3000
INFO [2019-07-12 00:04:28] 
INFO [2019-07-12 00:04:28] $cat.pos
INFO [2019-07-12 00:04:28] c(0, 0)
INFO [2019-07-12 00:04:28] 
INFO [2019-07-12 00:04:28] $scaled
INFO [2019-07-12 00:04:28] F
INFO [2019-07-12 00:04:28] 
INFO [2019-07-12 00:04:28] $cex
INFO [2019-07-12 00:04:28] [1] 2.5
INFO [2019-07-12 00:04:28] 
INFO [2019-07-12 00:04:28] $cat.cex
INFO [2019-07-12 00:04:28] [1] 1.3
INFO [2019-07-12 00:04:28] 
