INFO [2019-07-12 00:27:45] [[1]]
INFO [2019-07-12 00:27:45] VennList
INFO [2019-07-12 00:27:45] 
INFO [2019-07-12 00:27:45] $filename
INFO [2019-07-12 00:27:45] paste(Directry, "/", Directry, ".png", sep = "")
INFO [2019-07-12 00:27:45] 
INFO [2019-07-12 00:27:45] $height
INFO [2019-07-12 00:27:45] [1] 3000
INFO [2019-07-12 00:27:45] 
INFO [2019-07-12 00:27:45] $width
INFO [2019-07-12 00:27:45] [1] 3000
INFO [2019-07-12 00:27:45] 
INFO [2019-07-12 00:27:45] $cat.pos
INFO [2019-07-12 00:27:45] c(0, 0)
INFO [2019-07-12 00:27:45] 
INFO [2019-07-12 00:27:45] $scaled
INFO [2019-07-12 00:27:45] F
INFO [2019-07-12 00:27:45] 
INFO [2019-07-12 00:27:45] $cex
INFO [2019-07-12 00:27:45] [1] 2.5
INFO [2019-07-12 00:27:45] 
INFO [2019-07-12 00:27:45] $cat.cex
INFO [2019-07-12 00:27:45] [1] 0.9
INFO [2019-07-12 00:27:45] 
