INFO [2019-07-11 22:51:08] [[1]]
INFO [2019-07-11 22:51:08] VennList
INFO [2019-07-11 22:51:08] 
INFO [2019-07-11 22:51:08] $filename
INFO [2019-07-11 22:51:08] paste(Directry, "/", Directry, ".png", sep = "")
INFO [2019-07-11 22:51:08] 
INFO [2019-07-11 22:51:08] $height
INFO [2019-07-11 22:51:08] [1] 3000
INFO [2019-07-11 22:51:08] 
INFO [2019-07-11 22:51:08] $width
INFO [2019-07-11 22:51:08] [1] 3000
INFO [2019-07-11 22:51:08] 
INFO [2019-07-11 22:51:08] $cat.pos
INFO [2019-07-11 22:51:08] c(0, 0)
INFO [2019-07-11 22:51:08] 
INFO [2019-07-11 22:51:08] $cex
INFO [2019-07-11 22:51:08] [1] 2.5
INFO [2019-07-11 22:51:08] 
INFO [2019-07-11 22:51:08] $cat.cex
INFO [2019-07-11 22:51:08] [1] 2
INFO [2019-07-11 22:51:08] 
