INFO [2019-07-12 00:35:31] [[1]]
INFO [2019-07-12 00:35:31] VennList
INFO [2019-07-12 00:35:31] 
INFO [2019-07-12 00:35:31] $filename
INFO [2019-07-12 00:35:31] paste(Directry, "/", Directry, ".png", sep = "")
INFO [2019-07-12 00:35:31] 
INFO [2019-07-12 00:35:31] $height
INFO [2019-07-12 00:35:31] [1] 3000
INFO [2019-07-12 00:35:31] 
INFO [2019-07-12 00:35:31] $width
INFO [2019-07-12 00:35:31] [1] 3000
INFO [2019-07-12 00:35:31] 
INFO [2019-07-12 00:35:31] $cat.pos
INFO [2019-07-12 00:35:31] c(0, 0)
INFO [2019-07-12 00:35:31] 
INFO [2019-07-12 00:35:31] $scaled
INFO [2019-07-12 00:35:31] F
INFO [2019-07-12 00:35:31] 
INFO [2019-07-12 00:35:31] $cex
INFO [2019-07-12 00:35:31] [1] 2.5
INFO [2019-07-12 00:35:31] 
INFO [2019-07-12 00:35:31] $cat.cex
INFO [2019-07-12 00:35:31] [1] 0.9
INFO [2019-07-12 00:35:31] 
INFO [2019-07-12 00:35:31] $inverted
INFO [2019-07-12 00:35:31] T
INFO [2019-07-12 00:35:31] 
