INFO [2019-07-11 22:55:37] [[1]]
INFO [2019-07-11 22:55:37] VennList
INFO [2019-07-11 22:55:37] 
INFO [2019-07-11 22:55:37] $filename
INFO [2019-07-11 22:55:37] paste(Directry, "/", Directry, ".png", sep = "")
INFO [2019-07-11 22:55:37] 
INFO [2019-07-11 22:55:37] $height
INFO [2019-07-11 22:55:37] [1] 3000
INFO [2019-07-11 22:55:37] 
INFO [2019-07-11 22:55:37] $width
INFO [2019-07-11 22:55:37] [1] 3000
INFO [2019-07-11 22:55:37] 
INFO [2019-07-11 22:55:37] $cat.pos
INFO [2019-07-11 22:55:37] c(0, 0)
INFO [2019-07-11 22:55:37] 
INFO [2019-07-11 22:55:37] $cex
INFO [2019-07-11 22:55:37] [1] 2.5
INFO [2019-07-11 22:55:37] 
INFO [2019-07-11 22:55:37] $cat.cex
INFO [2019-07-11 22:55:37] [1] 1.3
INFO [2019-07-11 22:55:37] 
