INFO [2019-07-12 01:10:29] [[1]]
INFO [2019-07-12 01:10:29] VennList
INFO [2019-07-12 01:10:29] 
INFO [2019-07-12 01:10:29] $filename
INFO [2019-07-12 01:10:29] paste(Directry, "/", Directry, ".png", sep = "")
INFO [2019-07-12 01:10:29] 
INFO [2019-07-12 01:10:29] $height
INFO [2019-07-12 01:10:29] [1] 3000
INFO [2019-07-12 01:10:29] 
INFO [2019-07-12 01:10:29] $width
INFO [2019-07-12 01:10:29] [1] 3000
INFO [2019-07-12 01:10:29] 
INFO [2019-07-12 01:10:29] $cat.pos
INFO [2019-07-12 01:10:29] c(0, 0)
INFO [2019-07-12 01:10:29] 
INFO [2019-07-12 01:10:29] $scaled
INFO [2019-07-12 01:10:29] F
INFO [2019-07-12 01:10:29] 
INFO [2019-07-12 01:10:29] $cex
INFO [2019-07-12 01:10:29] [1] 2.5
INFO [2019-07-12 01:10:29] 
INFO [2019-07-12 01:10:29] $cat.cex
INFO [2019-07-12 01:10:29] [1] 0.9
INFO [2019-07-12 01:10:29] 
INFO [2019-07-12 01:10:29] $inverted
INFO [2019-07-12 01:10:29] F
INFO [2019-07-12 01:10:29] 
