INFO [2019-07-11 22:49:04] [[1]]
INFO [2019-07-11 22:49:04] VennList
INFO [2019-07-11 22:49:04] 
INFO [2019-07-11 22:49:04] $filename
INFO [2019-07-11 22:49:04] paste(Directry, "/", Directry, ".png", sep = "")
INFO [2019-07-11 22:49:04] 
INFO [2019-07-11 22:49:04] $height
INFO [2019-07-11 22:49:04] [1] 3000
INFO [2019-07-11 22:49:04] 
INFO [2019-07-11 22:49:04] $width
INFO [2019-07-11 22:49:04] [1] 3000
INFO [2019-07-11 22:49:04] 
INFO [2019-07-11 22:49:04] $cat.pos
INFO [2019-07-11 22:49:04] c(0, 0)
INFO [2019-07-11 22:49:04] 
INFO [2019-07-11 22:49:04] $cex
INFO [2019-07-11 22:49:04] [1] 8
INFO [2019-07-11 22:49:04] 
INFO [2019-07-11 22:49:04] $cat.cex
INFO [2019-07-11 22:49:04] [1] 8
INFO [2019-07-11 22:49:04] 
