INFO [2019-07-12 00:34:58] [[1]]
INFO [2019-07-12 00:34:58] VennList
INFO [2019-07-12 00:34:58] 
INFO [2019-07-12 00:34:58] $filename
INFO [2019-07-12 00:34:58] paste(Directry, "/", Directry, ".png", sep = "")
INFO [2019-07-12 00:34:58] 
INFO [2019-07-12 00:34:58] $height
INFO [2019-07-12 00:34:58] [1] 3000
INFO [2019-07-12 00:34:58] 
INFO [2019-07-12 00:34:58] $width
INFO [2019-07-12 00:34:58] [1] 3000
INFO [2019-07-12 00:34:58] 
INFO [2019-07-12 00:34:58] $cat.pos
INFO [2019-07-12 00:34:58] c(0, 0)
INFO [2019-07-12 00:34:58] 
INFO [2019-07-12 00:34:58] $scaled
INFO [2019-07-12 00:34:58] F
INFO [2019-07-12 00:34:58] 
INFO [2019-07-12 00:34:58] $cex
INFO [2019-07-12 00:34:58] [1] 2.5
INFO [2019-07-12 00:34:58] 
INFO [2019-07-12 00:34:58] $cat.cex
INFO [2019-07-12 00:34:58] [1] 0.9
INFO [2019-07-12 00:34:58] 
INFO [2019-07-12 00:34:58] $inverted
INFO [2019-07-12 00:34:58] T
INFO [2019-07-12 00:34:58] 
