INFO [2019-07-12 00:52:34] [[1]]
INFO [2019-07-12 00:52:34] VennList
INFO [2019-07-12 00:52:34] 
INFO [2019-07-12 00:52:34] $filename
INFO [2019-07-12 00:52:34] paste(Directry, "/", Directry, ".png", sep = "")
INFO [2019-07-12 00:52:34] 
INFO [2019-07-12 00:52:34] $height
INFO [2019-07-12 00:52:34] [1] 3000
INFO [2019-07-12 00:52:34] 
INFO [2019-07-12 00:52:34] $width
INFO [2019-07-12 00:52:34] [1] 3000
INFO [2019-07-12 00:52:34] 
INFO [2019-07-12 00:52:34] $cat.pos
INFO [2019-07-12 00:52:34] c(0, 0)
INFO [2019-07-12 00:52:34] 
INFO [2019-07-12 00:52:34] $scaled
INFO [2019-07-12 00:52:34] F
INFO [2019-07-12 00:52:34] 
INFO [2019-07-12 00:52:34] $cex
INFO [2019-07-12 00:52:34] [1] 2.5
INFO [2019-07-12 00:52:34] 
INFO [2019-07-12 00:52:34] $cat.cex
INFO [2019-07-12 00:52:34] [1] 0.9
INFO [2019-07-12 00:52:34] 
INFO [2019-07-12 00:52:34] $inverted
INFO [2019-07-12 00:52:34] F
INFO [2019-07-12 00:52:34] 
