INFO [2019-07-12 01:06:42] [[1]]
INFO [2019-07-12 01:06:42] VennList
INFO [2019-07-12 01:06:42] 
INFO [2019-07-12 01:06:42] $filename
INFO [2019-07-12 01:06:42] paste(Directry, "/", Directry, ".png", sep = "")
INFO [2019-07-12 01:06:42] 
INFO [2019-07-12 01:06:42] $height
INFO [2019-07-12 01:06:42] [1] 3000
INFO [2019-07-12 01:06:42] 
INFO [2019-07-12 01:06:42] $width
INFO [2019-07-12 01:06:42] [1] 3000
INFO [2019-07-12 01:06:42] 
INFO [2019-07-12 01:06:42] $cat.pos
INFO [2019-07-12 01:06:42] c(0, 0)
INFO [2019-07-12 01:06:42] 
INFO [2019-07-12 01:06:42] $scaled
INFO [2019-07-12 01:06:42] F
INFO [2019-07-12 01:06:42] 
INFO [2019-07-12 01:06:42] $cex
INFO [2019-07-12 01:06:42] [1] 2.5
INFO [2019-07-12 01:06:42] 
INFO [2019-07-12 01:06:42] $cat.cex
INFO [2019-07-12 01:06:42] [1] 0.9
INFO [2019-07-12 01:06:42] 
INFO [2019-07-12 01:06:42] $inverted
INFO [2019-07-12 01:06:42] F
INFO [2019-07-12 01:06:42] 
