INFO [2019-07-11 22:50:11] [[1]]
INFO [2019-07-11 22:50:11] VennList
INFO [2019-07-11 22:50:11] 
INFO [2019-07-11 22:50:11] $filename
INFO [2019-07-11 22:50:11] paste(Directry, "/", Directry, ".png", sep = "")
INFO [2019-07-11 22:50:11] 
INFO [2019-07-11 22:50:11] $height
INFO [2019-07-11 22:50:11] [1] 3000
INFO [2019-07-11 22:50:11] 
INFO [2019-07-11 22:50:11] $width
INFO [2019-07-11 22:50:11] [1] 3000
INFO [2019-07-11 22:50:11] 
INFO [2019-07-11 22:50:11] $cat.pos
INFO [2019-07-11 22:50:11] c(0, 0)
INFO [2019-07-11 22:50:11] 
INFO [2019-07-11 22:50:11] $cex
INFO [2019-07-11 22:50:11] [1] 2.5
INFO [2019-07-11 22:50:11] 
INFO [2019-07-11 22:50:11] $cat.cex
INFO [2019-07-11 22:50:11] [1] 2
INFO [2019-07-11 22:50:11] 
