INFO [2019-07-12 00:02:56] [[1]]
INFO [2019-07-12 00:02:56] VennList
INFO [2019-07-12 00:02:56] 
INFO [2019-07-12 00:02:56] $filename
INFO [2019-07-12 00:02:56] paste(Directry, "/", Directry, ".png", sep = "")
INFO [2019-07-12 00:02:56] 
INFO [2019-07-12 00:02:56] $height
INFO [2019-07-12 00:02:56] [1] 3000
INFO [2019-07-12 00:02:56] 
INFO [2019-07-12 00:02:56] $width
INFO [2019-07-12 00:02:56] [1] 3000
INFO [2019-07-12 00:02:56] 
INFO [2019-07-12 00:02:56] $cat.pos
INFO [2019-07-12 00:02:56] c(0, 0)
INFO [2019-07-12 00:02:56] 
INFO [2019-07-12 00:02:56] $scaled
INFO [2019-07-12 00:02:56] F
INFO [2019-07-12 00:02:56] 
INFO [2019-07-12 00:02:56] $cex
INFO [2019-07-12 00:02:56] [1] 2.5
INFO [2019-07-12 00:02:56] 
INFO [2019-07-12 00:02:56] $cat.cex
INFO [2019-07-12 00:02:56] [1] 1.3
INFO [2019-07-12 00:02:56] 
