INFO [2019-07-11 22:49:21] [[1]]
INFO [2019-07-11 22:49:21] VennList
INFO [2019-07-11 22:49:21] 
INFO [2019-07-11 22:49:21] $filename
INFO [2019-07-11 22:49:21] paste(Directry, "/", Directry, ".png", sep = "")
INFO [2019-07-11 22:49:21] 
INFO [2019-07-11 22:49:21] $height
INFO [2019-07-11 22:49:21] [1] 3000
INFO [2019-07-11 22:49:21] 
INFO [2019-07-11 22:49:21] $width
INFO [2019-07-11 22:49:21] [1] 3000
INFO [2019-07-11 22:49:21] 
INFO [2019-07-11 22:49:21] $cat.pos
INFO [2019-07-11 22:49:21] c(0, 0)
INFO [2019-07-11 22:49:21] 
INFO [2019-07-11 22:49:21] $cex
INFO [2019-07-11 22:49:21] [1] 2
INFO [2019-07-11 22:49:21] 
INFO [2019-07-11 22:49:21] $cat.cex
INFO [2019-07-11 22:49:21] [1] 2
INFO [2019-07-11 22:49:21] 
