INFO [2019-07-12 00:02:43] [[1]]
INFO [2019-07-12 00:02:43] VennList
INFO [2019-07-12 00:02:43] 
INFO [2019-07-12 00:02:43] $filename
INFO [2019-07-12 00:02:43] paste(Directry, "/", Directry, ".png", sep = "")
INFO [2019-07-12 00:02:43] 
INFO [2019-07-12 00:02:43] $height
INFO [2019-07-12 00:02:43] [1] 3000
INFO [2019-07-12 00:02:43] 
INFO [2019-07-12 00:02:43] $width
INFO [2019-07-12 00:02:43] [1] 3000
INFO [2019-07-12 00:02:43] 
INFO [2019-07-12 00:02:43] $cat.pos
INFO [2019-07-12 00:02:43] c(0, 0)
INFO [2019-07-12 00:02:43] 
INFO [2019-07-12 00:02:43] $scaled
INFO [2019-07-12 00:02:43] F
INFO [2019-07-12 00:02:43] 
INFO [2019-07-12 00:02:43] $cex
INFO [2019-07-12 00:02:43] [1] 2.5
INFO [2019-07-12 00:02:43] 
INFO [2019-07-12 00:02:43] $cat.cex
INFO [2019-07-12 00:02:43] [1] 1.3
INFO [2019-07-12 00:02:43] 
