INFO [2019-07-11 22:56:55] [[1]]
INFO [2019-07-11 22:56:55] VennList
INFO [2019-07-11 22:56:55] 
INFO [2019-07-11 22:56:55] $filename
INFO [2019-07-11 22:56:55] paste(Directry, "/", Directry, ".png", sep = "")
INFO [2019-07-11 22:56:55] 
INFO [2019-07-11 22:56:55] $height
INFO [2019-07-11 22:56:55] [1] 3000
INFO [2019-07-11 22:56:55] 
INFO [2019-07-11 22:56:55] $width
INFO [2019-07-11 22:56:55] [1] 3000
INFO [2019-07-11 22:56:55] 
INFO [2019-07-11 22:56:55] $cat.pos
INFO [2019-07-11 22:56:55] c(0, 0)
INFO [2019-07-11 22:56:55] 
INFO [2019-07-11 22:56:55] $cex
INFO [2019-07-11 22:56:55] [1] 2.5
INFO [2019-07-11 22:56:55] 
INFO [2019-07-11 22:56:55] $cat.cex
INFO [2019-07-11 22:56:55] [1] 1.3
INFO [2019-07-11 22:56:55] 
