INFO [2019-07-12 00:52:10] [[1]]
INFO [2019-07-12 00:52:10] VennList
INFO [2019-07-12 00:52:10] 
INFO [2019-07-12 00:52:10] $filename
INFO [2019-07-12 00:52:10] paste(Directry, "/", Directry, ".png", sep = "")
INFO [2019-07-12 00:52:10] 
INFO [2019-07-12 00:52:10] $height
INFO [2019-07-12 00:52:10] [1] 3000
INFO [2019-07-12 00:52:10] 
INFO [2019-07-12 00:52:10] $width
INFO [2019-07-12 00:52:10] [1] 3000
INFO [2019-07-12 00:52:10] 
INFO [2019-07-12 00:52:10] $cat.pos
INFO [2019-07-12 00:52:10] c(0, 0)
INFO [2019-07-12 00:52:10] 
INFO [2019-07-12 00:52:10] $scaled
INFO [2019-07-12 00:52:10] F
INFO [2019-07-12 00:52:10] 
INFO [2019-07-12 00:52:10] $cex
INFO [2019-07-12 00:52:10] [1] 2.5
INFO [2019-07-12 00:52:10] 
INFO [2019-07-12 00:52:10] $cat.cex
INFO [2019-07-12 00:52:10] [1] 0.9
INFO [2019-07-12 00:52:10] 
INFO [2019-07-12 00:52:10] $inverted
INFO [2019-07-12 00:52:10] T
INFO [2019-07-12 00:52:10] 
