INFO [2019-07-12 00:53:05] [[1]]
INFO [2019-07-12 00:53:05] VennList
INFO [2019-07-12 00:53:05] 
INFO [2019-07-12 00:53:05] $filename
INFO [2019-07-12 00:53:05] paste(Directry, "/", Directry, ".png", sep = "")
INFO [2019-07-12 00:53:05] 
INFO [2019-07-12 00:53:05] $height
INFO [2019-07-12 00:53:05] [1] 3000
INFO [2019-07-12 00:53:05] 
INFO [2019-07-12 00:53:05] $width
INFO [2019-07-12 00:53:05] [1] 3000
INFO [2019-07-12 00:53:05] 
INFO [2019-07-12 00:53:05] $cat.pos
INFO [2019-07-12 00:53:05] c(30, 120)
INFO [2019-07-12 00:53:05] 
INFO [2019-07-12 00:53:05] $scaled
INFO [2019-07-12 00:53:05] F
INFO [2019-07-12 00:53:05] 
INFO [2019-07-12 00:53:05] $cex
INFO [2019-07-12 00:53:05] [1] 2.5
INFO [2019-07-12 00:53:05] 
INFO [2019-07-12 00:53:05] $cat.cex
INFO [2019-07-12 00:53:05] [1] 0.9
INFO [2019-07-12 00:53:05] 
INFO [2019-07-12 00:53:05] $inverted
INFO [2019-07-12 00:53:05] F
INFO [2019-07-12 00:53:05] 
