INFO [2019-07-12 00:53:52] [[1]]
INFO [2019-07-12 00:53:52] VennList
INFO [2019-07-12 00:53:52] 
INFO [2019-07-12 00:53:52] $filename
INFO [2019-07-12 00:53:52] paste(Directry, "/", Directry, ".png", sep = "")
INFO [2019-07-12 00:53:52] 
INFO [2019-07-12 00:53:52] $height
INFO [2019-07-12 00:53:52] [1] 3000
INFO [2019-07-12 00:53:52] 
INFO [2019-07-12 00:53:52] $width
INFO [2019-07-12 00:53:52] [1] 3000
INFO [2019-07-12 00:53:52] 
INFO [2019-07-12 00:53:52] $cat.pos
INFO [2019-07-12 00:53:52] c(0, 0)
INFO [2019-07-12 00:53:52] 
INFO [2019-07-12 00:53:52] $scaled
INFO [2019-07-12 00:53:52] F
INFO [2019-07-12 00:53:52] 
INFO [2019-07-12 00:53:52] $cex
INFO [2019-07-12 00:53:52] [1] 2.5
INFO [2019-07-12 00:53:52] 
INFO [2019-07-12 00:53:52] $cat.cex
INFO [2019-07-12 00:53:52] [1] 0.9
INFO [2019-07-12 00:53:52] 
INFO [2019-07-12 00:53:52] $inverted
INFO [2019-07-12 00:53:52] F
INFO [2019-07-12 00:53:52] 
