INFO [2019-07-11 22:51:38] [[1]]
INFO [2019-07-11 22:51:38] VennList
INFO [2019-07-11 22:51:38] 
INFO [2019-07-11 22:51:38] $filename
INFO [2019-07-11 22:51:38] paste(Directry, "/", Directry, ".png", sep = "")
INFO [2019-07-11 22:51:38] 
INFO [2019-07-11 22:51:38] $height
INFO [2019-07-11 22:51:38] [1] 3000
INFO [2019-07-11 22:51:38] 
INFO [2019-07-11 22:51:38] $width
INFO [2019-07-11 22:51:38] [1] 3000
INFO [2019-07-11 22:51:38] 
INFO [2019-07-11 22:51:38] $cat.pos
INFO [2019-07-11 22:51:38] c(0, 0)
INFO [2019-07-11 22:51:38] 
INFO [2019-07-11 22:51:38] $cex
INFO [2019-07-11 22:51:38] [1] 2.5
INFO [2019-07-11 22:51:38] 
INFO [2019-07-11 22:51:38] $cat.cex
INFO [2019-07-11 22:51:38] [1] 2
INFO [2019-07-11 22:51:38] 
