INFO [2019-07-12 00:03:51] [[1]]
INFO [2019-07-12 00:03:51] VennList
INFO [2019-07-12 00:03:51] 
INFO [2019-07-12 00:03:51] $filename
INFO [2019-07-12 00:03:51] paste(Directry, "/", Directry, ".png", sep = "")
INFO [2019-07-12 00:03:51] 
INFO [2019-07-12 00:03:51] $height
INFO [2019-07-12 00:03:51] [1] 3000
INFO [2019-07-12 00:03:51] 
INFO [2019-07-12 00:03:51] $width
INFO [2019-07-12 00:03:51] [1] 3000
INFO [2019-07-12 00:03:51] 
INFO [2019-07-12 00:03:51] $cat.pos
INFO [2019-07-12 00:03:51] c(0, 0)
INFO [2019-07-12 00:03:51] 
INFO [2019-07-12 00:03:51] $scaled
INFO [2019-07-12 00:03:51] F
INFO [2019-07-12 00:03:51] 
INFO [2019-07-12 00:03:51] $cex
INFO [2019-07-12 00:03:51] [1] 2.5
INFO [2019-07-12 00:03:51] 
INFO [2019-07-12 00:03:51] $cat.cex
INFO [2019-07-12 00:03:51] [1] 1.3
INFO [2019-07-12 00:03:51] 
