INFO [2019-07-11 22:56:09] [[1]]
INFO [2019-07-11 22:56:09] VennList
INFO [2019-07-11 22:56:09] 
INFO [2019-07-11 22:56:09] $filename
INFO [2019-07-11 22:56:09] paste(Directry, "/", Directry, ".png", sep = "")
INFO [2019-07-11 22:56:09] 
INFO [2019-07-11 22:56:09] $height
INFO [2019-07-11 22:56:09] [1] 3000
INFO [2019-07-11 22:56:09] 
INFO [2019-07-11 22:56:09] $width
INFO [2019-07-11 22:56:09] [1] 3000
INFO [2019-07-11 22:56:09] 
INFO [2019-07-11 22:56:09] $cat.pos
INFO [2019-07-11 22:56:09] c(0, 0)
INFO [2019-07-11 22:56:09] 
INFO [2019-07-11 22:56:09] $cex
INFO [2019-07-11 22:56:09] [1] 2.5
INFO [2019-07-11 22:56:09] 
INFO [2019-07-11 22:56:09] $cat.cex
INFO [2019-07-11 22:56:09] [1] 1.3
INFO [2019-07-11 22:56:09] 
