INFO [2019-07-12 01:08:18] [[1]]
INFO [2019-07-12 01:08:18] VennList
INFO [2019-07-12 01:08:18] 
INFO [2019-07-12 01:08:18] $filename
INFO [2019-07-12 01:08:18] paste(Directry, "/", Directry, ".png", sep = "")
INFO [2019-07-12 01:08:18] 
INFO [2019-07-12 01:08:18] $height
INFO [2019-07-12 01:08:18] [1] 3000
INFO [2019-07-12 01:08:18] 
INFO [2019-07-12 01:08:18] $width
INFO [2019-07-12 01:08:18] [1] 3000
INFO [2019-07-12 01:08:18] 
INFO [2019-07-12 01:08:18] $cat.pos
INFO [2019-07-12 01:08:18] c(0, 0)
INFO [2019-07-12 01:08:18] 
INFO [2019-07-12 01:08:18] $scaled
INFO [2019-07-12 01:08:18] F
INFO [2019-07-12 01:08:18] 
INFO [2019-07-12 01:08:18] $cex
INFO [2019-07-12 01:08:18] [1] 2.5
INFO [2019-07-12 01:08:18] 
INFO [2019-07-12 01:08:18] $cat.cex
INFO [2019-07-12 01:08:18] [1] 0.9
INFO [2019-07-12 01:08:18] 
INFO [2019-07-12 01:08:18] $inverted
INFO [2019-07-12 01:08:18] F
INFO [2019-07-12 01:08:18] 
