INFO [2019-07-12 00:35:47] [[1]]
INFO [2019-07-12 00:35:47] VennList
INFO [2019-07-12 00:35:47] 
INFO [2019-07-12 00:35:47] $filename
INFO [2019-07-12 00:35:47] paste(Directry, "/", Directry, ".png", sep = "")
INFO [2019-07-12 00:35:47] 
INFO [2019-07-12 00:35:47] $height
INFO [2019-07-12 00:35:47] [1] 3000
INFO [2019-07-12 00:35:47] 
INFO [2019-07-12 00:35:47] $width
INFO [2019-07-12 00:35:47] [1] 3000
INFO [2019-07-12 00:35:47] 
INFO [2019-07-12 00:35:47] $cat.pos
INFO [2019-07-12 00:35:47] c(0, 0)
INFO [2019-07-12 00:35:47] 
INFO [2019-07-12 00:35:47] $scaled
INFO [2019-07-12 00:35:47] F
INFO [2019-07-12 00:35:47] 
INFO [2019-07-12 00:35:47] $cex
INFO [2019-07-12 00:35:47] [1] 2.5
INFO [2019-07-12 00:35:47] 
INFO [2019-07-12 00:35:47] $cat.cex
INFO [2019-07-12 00:35:47] [1] 0.9
INFO [2019-07-12 00:35:47] 
INFO [2019-07-12 00:35:47] $inverted
INFO [2019-07-12 00:35:47] T
INFO [2019-07-12 00:35:47] 
